This file contains any messages produced by compilers while
running configure, to aid debugging if configure makes a mistake.

It was created by GNU Indent configure 2.2.13, which was
generated by GNU Autoconf 2.72.  Invocation command line was

  $ ./configure

## --------- ##
## Platform. ##
## --------- ##

hostname = archPC
uname -m = x86_64
uname -r = 6.11.0-arch1-1
uname -s = Linux
uname -v = #1 SMP PREEMPT_DYNAMIC Sun, 15 Sep 2024 18:38:36 +0000

/usr/bin/uname -p = unknown
/bin/uname -X     = unknown

/bin/arch              = unknown
/usr/bin/arch -k       = unknown
/usr/convex/getsysinfo = unknown
/usr/bin/hostinfo      = unknown
/bin/machine           = unknown
/usr/bin/oslevel       = unknown
/bin/universe          = unknown

PATH: /usr/local/sbin/
PATH: /usr/local/bin/
PATH: /usr/bin/
PATH: /usr/bin/site_perl/
PATH: /usr/bin/vendor_perl/
PATH: /usr/bin/core_perl/


## ----------- ##
## Core tests. ##
## ----------- ##

configure:2455: looking for aux files: config.guess config.sub config.rpath missing install-sh compile
configure:2468:  trying ./config/
configure:2497:   ./config/config.guess found
configure:2497:   ./config/config.sub found
configure:2497:   ./config/config.rpath found
configure:2497:   ./config/missing found
configure:2479:   ./config/install-sh found
configure:2497:   ./config/compile found
configure:2681: checking for gcc
configure:2702: found /usr/bin/gcc
configure:2714: result: gcc
configure:3073: checking for C compiler version
configure:3082: gcc --version >&5
gcc (GCC) 14.2.1 20240910
Copyright (C) 2024 Free Software Foundation, Inc.
This is free software; see the source for copying conditions.  There is NO
warranty; not even for MERCHANTABILITY or FITNESS FOR A PARTICULAR PURPOSE.

configure:3093: $? = 0
configure:3082: gcc -v >&5
Using built-in specs.
COLLECT_GCC=gcc
COLLECT_LTO_WRAPPER=/usr/lib/gcc/x86_64-pc-linux-gnu/14.2.1/lto-wrapper
Target: x86_64-pc-linux-gnu
Configured with: /build/gcc/src/gcc/configure --enable-languages=ada,c,c++,d,fortran,go,lto,m2,objc,obj-c++,rust --enable-bootstrap --prefix=/usr --libdir=/usr/lib --libexecdir=/usr/lib --mandir=/usr/share/man --infodir=/usr/share/info --with-bugurl=https://gitlab.archlinux.org/archlinux/packaging/packages/gcc/-/issues --with-build-config=bootstrap-lto --with-linker-hash-style=gnu --with-system-zlib --enable-__cxa_atexit --enable-cet=auto --enable-checking=release --enable-clocale=gnu --enable-default-pie --enable-default-ssp --enable-gnu-indirect-function --enable-gnu-unique-object --enable-libstdcxx-backtrace --enable-link-serialization=1 --enable-linker-build-id --enable-lto --enable-multilib --enable-plugin --enable-shared --enable-threads=posix --disable-libssp --disable-libstdcxx-pch --disable-werror
Thread model: posix
Supported LTO compression algorithms: zlib zstd
gcc version 14.2.1 20240910 (GCC) 
configure:3093: $? = 0
configure:3082: gcc -V >&5
gcc: error: unrecognized command-line option '-V'
gcc: fatal error: no input files
compilation terminated.
configure:3093: $? = 1
configure:3082: gcc -qversion >&5
gcc: error: unrecognized command-line option '-qversion'; did you mean '--version'?
gcc: fatal error: no input files
compilation terminated.
configure:3093: $? = 1
configure:3082: gcc -version >&5
gcc: error: unrecognized command-line option '-version'
gcc: fatal error: no input files
compilation terminated.
configure:3093: $? = 1
configure:3113: checking whether the C compiler works
configure:3135: gcc    conftest.c  >&5
configure:3139: $? = 0
configure:3190: result: yes
configure:3194: checking for C compiler default output file name
configure:3196: result: a.out
configure:3202: checking for suffix of executables
configure:3209: gcc -o conftest    conftest.c  >&5
configure:3213: $? = 0
configure:3237: result: 
configure:3261: checking whether we are cross compiling
configure:3269: gcc -o conftest    conftest.c  >&5
configure:3273: $? = 0
configure:3280: ./conftest
configure:3284: $? = 0
configure:3299: result: no
configure:3305: checking for suffix of object files
configure:3328: gcc -c   conftest.c >&5
configure:3332: $? = 0
configure:3356: result: o
configure:3360: checking whether the compiler supports GNU C
configure:3380: gcc -c   conftest.c >&5
configure:3380: $? = 0
configure:3392: result: yes
configure:3403: checking whether gcc accepts -g
configure:3424: gcc -c -g  conftest.c >&5
configure:3424: $? = 0
configure:3471: result: yes
configure:3491: checking for gcc option to enable C11 features
configure:3506: gcc  -c -g -O2  conftest.c >&5
configure:3506: $? = 0
configure:3525: result: none needed
configure:3649: checking whether gcc understands -c and -o together
configure:3672: gcc -c conftest.c -o conftest2.o
configure:3675: $? = 0
configure:3672: gcc -c conftest.c -o conftest2.o
configure:3675: $? = 0
configure:3688: result: yes
configure:3710: checking for stdio.h
configure:3710: gcc -c -g -O2  conftest.c >&5
configure:3710: $? = 0
configure:3710: result: yes
configure:3710: checking for stdlib.h
configure:3710: gcc -c -g -O2  conftest.c >&5
configure:3710: $? = 0
configure:3710: result: yes
configure:3710: checking for string.h
configure:3710: gcc -c -g -O2  conftest.c >&5
configure:3710: $? = 0
configure:3710: result: yes
configure:3710: checking for inttypes.h
configure:3710: gcc -c -g -O2  conftest.c >&5
configure:3710: $? = 0
configure:3710: result: yes
configure:3710: checking for stdint.h
configure:3710: gcc -c -g -O2  conftest.c >&5
configure:3710: $? = 0
configure:3710: result: yes
configure:3710: checking for strings.h
configure:3710: gcc -c -g -O2  conftest.c >&5
configure:3710: $? = 0
configure:3710: result: yes
configure:3710: checking for sys/stat.h
configure:3710: gcc -c -g -O2  conftest.c >&5
configure:3710: $? = 0
configure:3710: result: yes
configure:3710: checking for sys/types.h
configure:3710: gcc -c -g -O2  conftest.c >&5
configure:3710: $? = 0
configure:3710: result: yes
configure:3710: checking for unistd.h
configure:3710: gcc -c -g -O2  conftest.c >&5
configure:3710: $? = 0
configure:3710: result: yes
configure:3710: checking for wchar.h
configure:3710: gcc -c -g -O2  conftest.c >&5
configure:3710: $? = 0
configure:3710: result: yes
configure:3710: checking for minix/config.h
configure:3710: gcc -c -g -O2  conftest.c >&5
conftest.c:47:10: fatal error: minix/config.h: No such file or directory
   47 | #include <minix/config.h>
      |          ^~~~~~~~~~~~~~~~
compilation terminated.
configure:3710: $? = 1
configure: failed program was:
| /* confdefs.h */
| #define PACKAGE_NAME "GNU Indent"
| #define PACKAGE_TARNAME "indent"
| #define PACKAGE_VERSION "2.2.13"
| #define PACKAGE_STRING "GNU Indent 2.2.13"
| #define PACKAGE_BUGREPORT "bug-indent@gnu.org"
| #define PACKAGE_URL "https://www.gnu.org/software/indent/"
| #define HAVE_STDIO_H 1
| #define HAVE_STDLIB_H 1
| #define HAVE_STRING_H 1
| #define HAVE_INTTYPES_H 1
| #define HAVE_STDINT_H 1
| #define HAVE_STRINGS_H 1
| #define HAVE_SYS_STAT_H 1
| #define HAVE_SYS_TYPES_H 1
| #define HAVE_UNISTD_H 1
| #define HAVE_WCHAR_H 1
| /* end confdefs.h.  */
| #include <stddef.h>
| #ifdef HAVE_STDIO_H
| # include <stdio.h>
| #endif
| #ifdef HAVE_STDLIB_H
| # include <stdlib.h>
| #endif
| #ifdef HAVE_STRING_H
| # include <string.h>
| #endif
| #ifdef HAVE_INTTYPES_H
| # include <inttypes.h>
| #endif
| #ifdef HAVE_STDINT_H
| # include <stdint.h>
| #endif
| #ifdef HAVE_STRINGS_H
| # include <strings.h>
| #endif
| #ifdef HAVE_SYS_TYPES_H
| # include <sys/types.h>
| #endif
| #ifdef HAVE_SYS_STAT_H
| # include <sys/stat.h>
| #endif
| #ifdef HAVE_UNISTD_H
| # include <unistd.h>
| #endif
| #include <minix/config.h>
configure:3710: result: no
configure:3741: checking whether it is safe to define __EXTENSIONS__
configure:3760: gcc -c -g -O2  conftest.c >&5
configure:3760: $? = 0
configure:3770: result: yes
configure:3773: checking whether _XOPEN_SOURCE should be defined
configure:3795: gcc -c -g -O2  conftest.c >&5
configure:3795: $? = 0
configure:3824: result: no
configure:3890: checking for gcc option to enable large file support
configure:3925: gcc -c -g -O2  conftest.c >&5
configure:3925: $? = 0
configure:3931: gcc -DFTYPE=ino_t -c -g -O2  conftest.c >&5
configure:3931: $? = 0
configure:3956: result: none needed
configure:4075: checking for a BSD-compatible install
configure:4149: result: /usr/bin/install -c
configure:4160: checking whether sleep supports fractional seconds
configure:4176: result: yes
configure:4179: checking filesystem timestamp resolution
configure:4314: result: 0.01
configure:4319: checking whether build environment is sane
configure:4360: result: yes
configure:4527: checking for a race-free mkdir -p
configure:4570: result: /usr/bin/mkdir -p
configure:4577: checking for gawk
configure:4598: found /usr/bin/gawk
configure:4610: result: gawk
configure:4621: checking whether make sets $(MAKE)
configure:4645: result: yes
configure:4667: checking whether make supports the include directive
configure:4682: make -f confmf.GNU && cat confinc.out
this is the am__doit target
configure:4685: $? = 0
configure:4704: result: yes (GNU style)
configure:4735: checking whether make supports nested variables
configure:4754: result: yes
configure:4768: checking xargs -n works
configure:4784: result: yes
configure:4865: checking dependency style of gcc
configure:4978: result: gcc3
configure:5014: checking whether to enable maintainer-specific portions of Makefiles
configure:5025: result: no
configure:5093: checking for gcc
configure:5126: result: gcc
configure:5485: checking for C compiler version
configure:5494: gcc --version >&5
gcc (GCC) 14.2.1 20240910
Copyright (C) 2024 Free Software Foundation, Inc.
This is free software; see the source for copying conditions.  There is NO
warranty; not even for MERCHANTABILITY or FITNESS FOR A PARTICULAR PURPOSE.

configure:5505: $? = 0
configure:5494: gcc -v >&5
Using built-in specs.
COLLECT_GCC=gcc
COLLECT_LTO_WRAPPER=/usr/lib/gcc/x86_64-pc-linux-gnu/14.2.1/lto-wrapper
Target: x86_64-pc-linux-gnu
Configured with: /build/gcc/src/gcc/configure --enable-languages=ada,c,c++,d,fortran,go,lto,m2,objc,obj-c++,rust --enable-bootstrap --prefix=/usr --libdir=/usr/lib --libexecdir=/usr/lib --mandir=/usr/share/man --infodir=/usr/share/info --with-bugurl=https://gitlab.archlinux.org/archlinux/packaging/packages/gcc/-/issues --with-build-config=bootstrap-lto --with-linker-hash-style=gnu --with-system-zlib --enable-__cxa_atexit --enable-cet=auto --enable-checking=release --enable-clocale=gnu --enable-default-pie --enable-default-ssp --enable-gnu-indirect-function --enable-gnu-unique-object --enable-libstdcxx-backtrace --enable-link-serialization=1 --enable-linker-build-id --enable-lto --enable-multilib --enable-plugin --enable-shared --enable-threads=posix --disable-libssp --disable-libstdcxx-pch --disable-werror
Thread model: posix
Supported LTO compression algorithms: zlib zstd
gcc version 14.2.1 20240910 (GCC) 
configure:5505: $? = 0
configure:5494: gcc -V >&5
gcc: error: unrecognized command-line option '-V'
gcc: fatal error: no input files
compilation terminated.
configure:5505: $? = 1
configure:5494: gcc -qversion >&5
gcc: error: unrecognized command-line option '-qversion'; did you mean '--version'?
gcc: fatal error: no input files
compilation terminated.
configure:5505: $? = 1
configure:5494: gcc -version >&5
gcc: error: unrecognized command-line option '-version'
gcc: fatal error: no input files
compilation terminated.
configure:5505: $? = 1
configure:5509: checking whether the compiler supports GNU C
configure:5541: result: yes
configure:5552: checking whether gcc accepts -g
configure:5620: result: yes
configure:5640: checking for gcc option to enable C11 features
configure:5674: result: none needed
configure:5798: checking whether gcc understands -c and -o together
configure:5837: result: yes
configure:5859: checking how to run the C preprocessor
configure:5885: gcc -E  conftest.c
configure:5885: $? = 0
configure:5901: gcc -E  conftest.c
conftest.c:39:10: fatal error: ac_nonexistent.h: No such file or directory
   39 | #include <ac_nonexistent.h>
      |          ^~~~~~~~~~~~~~~~~~
compilation terminated.
configure:5901: $? = 1
configure: failed program was:
| /* confdefs.h */
| #define PACKAGE_NAME "GNU Indent"
| #define PACKAGE_TARNAME "indent"
| #define PACKAGE_VERSION "2.2.13"
| #define PACKAGE_STRING "GNU Indent 2.2.13"
| #define PACKAGE_BUGREPORT "bug-indent@gnu.org"
| #define PACKAGE_URL "https://www.gnu.org/software/indent/"
| #define HAVE_STDIO_H 1
| #define HAVE_STDLIB_H 1
| #define HAVE_STRING_H 1
| #define HAVE_INTTYPES_H 1
| #define HAVE_STDINT_H 1
| #define HAVE_STRINGS_H 1
| #define HAVE_SYS_STAT_H 1
| #define HAVE_SYS_TYPES_H 1
| #define HAVE_UNISTD_H 1
| #define HAVE_WCHAR_H 1
| #define STDC_HEADERS 1
| #define _ALL_SOURCE 1
| #define _DARWIN_C_SOURCE 1
| #define _GNU_SOURCE 1
| #define _HPUX_ALT_XOPEN_SOCKET_API 1
| #define _NETBSD_SOURCE 1
| #define _OPENBSD_SOURCE 1
| #define _POSIX_PTHREAD_SEMANTICS 1
| #define __STDC_WANT_IEC_60559_ATTRIBS_EXT__ 1
| #define __STDC_WANT_IEC_60559_BFP_EXT__ 1
| #define __STDC_WANT_IEC_60559_DFP_EXT__ 1
| #define __STDC_WANT_IEC_60559_EXT__ 1
| #define __STDC_WANT_IEC_60559_FUNCS_EXT__ 1
| #define __STDC_WANT_IEC_60559_TYPES_EXT__ 1
| #define __STDC_WANT_LIB_EXT2__ 1
| #define __STDC_WANT_MATH_SPEC_FUNCS__ 1
| #define _TANDEM_SOURCE 1
| #define __EXTENSIONS__ 1
| #define PACKAGE "indent"
| #define VERSION "2.2.13"
| /* end confdefs.h.  */
| #include <ac_nonexistent.h>
configure:5930: result: gcc -E
configure:5944: gcc -E  conftest.c
configure:5944: $? = 0
configure:5960: gcc -E  conftest.c
conftest.c:39:10: fatal error: ac_nonexistent.h: No such file or directory
   39 | #include <ac_nonexistent.h>
      |          ^~~~~~~~~~~~~~~~~~
compilation terminated.
configure:5960: $? = 1
configure: failed program was:
| /* confdefs.h */
| #define PACKAGE_NAME "GNU Indent"
| #define PACKAGE_TARNAME "indent"
| #define PACKAGE_VERSION "2.2.13"
| #define PACKAGE_STRING "GNU Indent 2.2.13"
| #define PACKAGE_BUGREPORT "bug-indent@gnu.org"
| #define PACKAGE_URL "https://www.gnu.org/software/indent/"
| #define HAVE_STDIO_H 1
| #define HAVE_STDLIB_H 1
| #define HAVE_STRING_H 1
| #define HAVE_INTTYPES_H 1
| #define HAVE_STDINT_H 1
| #define HAVE_STRINGS_H 1
| #define HAVE_SYS_STAT_H 1
| #define HAVE_SYS_TYPES_H 1
| #define HAVE_UNISTD_H 1
| #define HAVE_WCHAR_H 1
| #define STDC_HEADERS 1
| #define _ALL_SOURCE 1
| #define _DARWIN_C_SOURCE 1
| #define _GNU_SOURCE 1
| #define _HPUX_ALT_XOPEN_SOCKET_API 1
| #define _NETBSD_SOURCE 1
| #define _OPENBSD_SOURCE 1
| #define _POSIX_PTHREAD_SEMANTICS 1
| #define __STDC_WANT_IEC_60559_ATTRIBS_EXT__ 1
| #define __STDC_WANT_IEC_60559_BFP_EXT__ 1
| #define __STDC_WANT_IEC_60559_DFP_EXT__ 1
| #define __STDC_WANT_IEC_60559_EXT__ 1
| #define __STDC_WANT_IEC_60559_FUNCS_EXT__ 1
| #define __STDC_WANT_IEC_60559_TYPES_EXT__ 1
| #define __STDC_WANT_LIB_EXT2__ 1
| #define __STDC_WANT_MATH_SPEC_FUNCS__ 1
| #define _TANDEM_SOURCE 1
| #define __EXTENSIONS__ 1
| #define PACKAGE "indent"
| #define VERSION "2.2.13"
| /* end confdefs.h.  */
| #include <ac_nonexistent.h>
configure:6033: checking for library containing strerror
configure:6069: gcc -o conftest -g -O2   conftest.c  >&5
configure:6069: $? = 0
configure:6091: result: none required
configure:6104: checking for an ANSI C-conforming const
configure:6171: gcc -c -g -O2  conftest.c >&5
configure:6171: $? = 0
configure:6181: result: yes
configure:6193: checking for dvips
configure:6230: result: /home/mellw/source/indent/config/missing dvips
configure:6239: checking for a sed that does not truncate output
configure:6311: result: /usr/bin/sed
configure:6317: checking whether NLS is requested
configure:6328: result: yes
configure:6368: checking for msgfmt
configure: trying /usr/bin/msgfmt...
0 translated messages.
configure:6402: result: /usr/bin/msgfmt
configure:6411: checking for gmsgfmt
configure:6448: result: /usr/bin/msgfmt
configure:6498: checking for xgettext
configure: trying /usr/bin/xgettext...
/usr/bin/xgettext: warning: file '/dev/null' extension '' is unknown; will try C
configure:6532: result: /usr/bin/xgettext
configure:6577: checking for msgmerge
configure: trying /usr/bin/msgmerge...
configure:6610: result: /usr/bin/msgmerge
configure:6649: checking build system type
configure:6665: result: x86_64-pc-linux-gnu
configure:6685: checking host system type
configure:6700: result: x86_64-pc-linux-gnu
configure:6747: checking for ld used by gcc
configure:6816: result: /usr/bin/ld
configure:6823: checking if the linker (/usr/bin/ld) is GNU ld
configure:6840: result: yes
configure:6848: checking for shared library run path origin
configure:6863: result: done
configure:6885: checking for egrep -e
configure:7015: result: /usr/bin/grep -E
configure:7577: checking for CFPreferencesCopyAppValue
configure:7596: gcc -o conftest -g -O2   conftest.c  -Wl,-framework -Wl,CoreFoundation >&5
conftest.c:39:10: fatal error: CoreFoundation/CFPreferences.h: No such file or directory
   39 | #include <CoreFoundation/CFPreferences.h>
      |          ^~~~~~~~~~~~~~~~~~~~~~~~~~~~~~~~
compilation terminated.
configure:7596: $? = 1
configure: failed program was:
| /* confdefs.h */
| #define PACKAGE_NAME "GNU Indent"
| #define PACKAGE_TARNAME "indent"
| #define PACKAGE_VERSION "2.2.13"
| #define PACKAGE_STRING "GNU Indent 2.2.13"
| #define PACKAGE_BUGREPORT "bug-indent@gnu.org"
| #define PACKAGE_URL "https://www.gnu.org/software/indent/"
| #define HAVE_STDIO_H 1
| #define HAVE_STDLIB_H 1
| #define HAVE_STRING_H 1
| #define HAVE_INTTYPES_H 1
| #define HAVE_STDINT_H 1
| #define HAVE_STRINGS_H 1
| #define HAVE_SYS_STAT_H 1
| #define HAVE_SYS_TYPES_H 1
| #define HAVE_UNISTD_H 1
| #define HAVE_WCHAR_H 1
| #define STDC_HEADERS 1
| #define _ALL_SOURCE 1
| #define _DARWIN_C_SOURCE 1
| #define _GNU_SOURCE 1
| #define _HPUX_ALT_XOPEN_SOCKET_API 1
| #define _NETBSD_SOURCE 1
| #define _OPENBSD_SOURCE 1
| #define _POSIX_PTHREAD_SEMANTICS 1
| #define __STDC_WANT_IEC_60559_ATTRIBS_EXT__ 1
| #define __STDC_WANT_IEC_60559_BFP_EXT__ 1
| #define __STDC_WANT_IEC_60559_DFP_EXT__ 1
| #define __STDC_WANT_IEC_60559_EXT__ 1
| #define __STDC_WANT_IEC_60559_FUNCS_EXT__ 1
| #define __STDC_WANT_IEC_60559_TYPES_EXT__ 1
| #define __STDC_WANT_LIB_EXT2__ 1
| #define __STDC_WANT_MATH_SPEC_FUNCS__ 1
| #define _TANDEM_SOURCE 1
| #define __EXTENSIONS__ 1
| #define PACKAGE "indent"
| #define VERSION "2.2.13"
| /* end confdefs.h.  */
| #include <CoreFoundation/CFPreferences.h>
| int
| main (void)
| {
| CFPreferencesCopyAppValue(NULL, NULL)
|   ;
|   return 0;
| }
configure:7608: result: no
configure:7615: checking for CFLocaleCopyCurrent
configure:7634: gcc -o conftest -g -O2   conftest.c  -Wl,-framework -Wl,CoreFoundation >&5
conftest.c:39:10: fatal error: CoreFoundation/CFLocale.h: No such file or directory
   39 | #include <CoreFoundation/CFLocale.h>
      |          ^~~~~~~~~~~~~~~~~~~~~~~~~~~
compilation terminated.
configure:7634: $? = 1
configure: failed program was:
| /* confdefs.h */
| #define PACKAGE_NAME "GNU Indent"
| #define PACKAGE_TARNAME "indent"
| #define PACKAGE_VERSION "2.2.13"
| #define PACKAGE_STRING "GNU Indent 2.2.13"
| #define PACKAGE_BUGREPORT "bug-indent@gnu.org"
| #define PACKAGE_URL "https://www.gnu.org/software/indent/"
| #define HAVE_STDIO_H 1
| #define HAVE_STDLIB_H 1
| #define HAVE_STRING_H 1
| #define HAVE_INTTYPES_H 1
| #define HAVE_STDINT_H 1
| #define HAVE_STRINGS_H 1
| #define HAVE_SYS_STAT_H 1
| #define HAVE_SYS_TYPES_H 1
| #define HAVE_UNISTD_H 1
| #define HAVE_WCHAR_H 1
| #define STDC_HEADERS 1
| #define _ALL_SOURCE 1
| #define _DARWIN_C_SOURCE 1
| #define _GNU_SOURCE 1
| #define _HPUX_ALT_XOPEN_SOCKET_API 1
| #define _NETBSD_SOURCE 1
| #define _OPENBSD_SOURCE 1
| #define _POSIX_PTHREAD_SEMANTICS 1
| #define __STDC_WANT_IEC_60559_ATTRIBS_EXT__ 1
| #define __STDC_WANT_IEC_60559_BFP_EXT__ 1
| #define __STDC_WANT_IEC_60559_DFP_EXT__ 1
| #define __STDC_WANT_IEC_60559_EXT__ 1
| #define __STDC_WANT_IEC_60559_FUNCS_EXT__ 1
| #define __STDC_WANT_IEC_60559_TYPES_EXT__ 1
| #define __STDC_WANT_LIB_EXT2__ 1
| #define __STDC_WANT_MATH_SPEC_FUNCS__ 1
| #define _TANDEM_SOURCE 1
| #define __EXTENSIONS__ 1
| #define PACKAGE "indent"
| #define VERSION "2.2.13"
| /* end confdefs.h.  */
| #include <CoreFoundation/CFLocale.h>
| int
| main (void)
| {
| CFLocaleCopyCurrent();
|   ;
|   return 0;
| }
configure:7646: result: no
configure:7695: checking for GNU gettext in libc
configure:7720: gcc -o conftest -g -O2   conftest.c  >&5
configure:7720: $? = 0
configure:7732: result: yes
configure:8576: checking whether to use NLS
configure:8578: result: yes
configure:8581: checking where the gettext function comes from
configure:8592: result: libc
configure:8661: checking for grep that handles long lines and -e
configure:8727: result: /usr/bin/grep
configure:8732: checking for egrep
configure:8802: result: /usr/bin/grep -E
configure:8810: checking for setlocale
configure:8810: gcc -o conftest -g -O2   conftest.c  >&5
configure:8810: $? = 0
configure:8810: result: yes
configure:8816: checking for strchr
configure:8816: gcc -o conftest -g -O2   conftest.c  >&5
conftest.c:59:6: warning: conflicting types for built-in function 'strchr'; expected 'char *(const char *, int)' [-Wbuiltin-declaration-mismatch]
   59 | char strchr (void);
      |      ^~~~~~
conftest.c:51:1: note: 'strchr' is declared in header '<string.h>'
   50 | #include <limits.h>
   51 | #undef strchr
configure:8816: $? = 0
configure:8816: result: yes
configure:8822: checking for memcpy
configure:8822: gcc -o conftest -g -O2   conftest.c  >&5
conftest.c:60:6: warning: conflicting types for built-in function 'memcpy'; expected 'void *(void *, const void *, long unsigned int)' [-Wbuiltin-declaration-mismatch]
   60 | char memcpy (void);
      |      ^~~~~~
conftest.c:52:1: note: 'memcpy' is declared in header '<string.h>'
   51 | #include <limits.h>
   52 | #undef memcpy
configure:8822: $? = 0
configure:8822: result: yes
configure:8828: checking for memmove
configure:8828: gcc -o conftest -g -O2   conftest.c  >&5
conftest.c:61:6: warning: conflicting types for built-in function 'memmove'; expected 'void *(void *, const void *, long unsigned int)' [-Wbuiltin-declaration-mismatch]
   61 | char memmove (void);
      |      ^~~~~~~
conftest.c:53:1: note: 'memmove' is declared in header '<string.h>'
   52 | #include <limits.h>
   53 | #undef memmove
configure:8828: $? = 0
configure:8828: result: yes
configure:8834: checking for utime
configure:8834: gcc -o conftest -g -O2   conftest.c  >&5
configure:8834: $? = 0
configure:8834: result: yes
configure:8841: checking for unistd.h
configure:8841: result: yes
configure:8847: checking for string.h
configure:8847: result: yes
configure:8853: checking for malloc.h
configure:8853: gcc -c -g -O2  conftest.c >&5
configure:8853: $? = 0
configure:8853: result: yes
configure:8859: checking for utime.h
configure:8859: gcc -c -g -O2  conftest.c >&5
configure:8859: $? = 0
configure:8859: result: yes
configure:8865: checking for sys/utime.h
configure:8865: gcc -c -g -O2  conftest.c >&5
conftest.c:79:10: fatal error: sys/utime.h: No such file or directory
   79 | #include <sys/utime.h>
      |          ^~~~~~~~~~~~~
compilation terminated.
configure:8865: $? = 1
configure: failed program was:
| /* confdefs.h */
| #define PACKAGE_NAME "GNU Indent"
| #define PACKAGE_TARNAME "indent"
| #define PACKAGE_VERSION "2.2.13"
| #define PACKAGE_STRING "GNU Indent 2.2.13"
| #define PACKAGE_BUGREPORT "bug-indent@gnu.org"
| #define PACKAGE_URL "https://www.gnu.org/software/indent/"
| #define HAVE_STDIO_H 1
| #define HAVE_STDLIB_H 1
| #define HAVE_STRING_H 1
| #define HAVE_INTTYPES_H 1
| #define HAVE_STDINT_H 1
| #define HAVE_STRINGS_H 1
| #define HAVE_SYS_STAT_H 1
| #define HAVE_SYS_TYPES_H 1
| #define HAVE_UNISTD_H 1
| #define HAVE_WCHAR_H 1
| #define STDC_HEADERS 1
| #define _ALL_SOURCE 1
| #define _DARWIN_C_SOURCE 1
| #define _GNU_SOURCE 1
| #define _HPUX_ALT_XOPEN_SOCKET_API 1
| #define _NETBSD_SOURCE 1
| #define _OPENBSD_SOURCE 1
| #define _POSIX_PTHREAD_SEMANTICS 1
| #define __STDC_WANT_IEC_60559_ATTRIBS_EXT__ 1
| #define __STDC_WANT_IEC_60559_BFP_EXT__ 1
| #define __STDC_WANT_IEC_60559_DFP_EXT__ 1
| #define __STDC_WANT_IEC_60559_EXT__ 1
| #define __STDC_WANT_IEC_60559_FUNCS_EXT__ 1
| #define __STDC_WANT_IEC_60559_TYPES_EXT__ 1
| #define __STDC_WANT_LIB_EXT2__ 1
| #define __STDC_WANT_MATH_SPEC_FUNCS__ 1
| #define _TANDEM_SOURCE 1
| #define __EXTENSIONS__ 1
| #define PACKAGE "indent"
| #define VERSION "2.2.13"
| #define ENABLE_NLS 1
| #define HAVE_GETTEXT 1
| #define HAVE_DCGETTEXT 1
| #define HAVE_SETLOCALE 1
| #define HAVE_STRCHR 1
| #define HAVE_MEMCPY 1
| #define HAVE_MEMMOVE 1
| #define HAVE_UTIME 1
| #define HAVE_UNISTD_H 1
| #define HAVE_STRING_H 1
| #define HAVE_MALLOC_H 1
| #define HAVE_UTIME_H 1
| /* end confdefs.h.  */
| #include <stddef.h>
| #ifdef HAVE_STDIO_H
| # include <stdio.h>
| #endif
| #ifdef HAVE_STDLIB_H
| # include <stdlib.h>
| #endif
| #ifdef HAVE_STRING_H
| # include <string.h>
| #endif
| #ifdef HAVE_INTTYPES_H
| # include <inttypes.h>
| #endif
| #ifdef HAVE_STDINT_H
| # include <stdint.h>
| #endif
| #ifdef HAVE_STRINGS_H
| # include <strings.h>
| #endif
| #ifdef HAVE_SYS_TYPES_H
| # include <sys/types.h>
| #endif
| #ifdef HAVE_SYS_STAT_H
| # include <sys/stat.h>
| #endif
| #ifdef HAVE_UNISTD_H
| # include <unistd.h>
| #endif
| #include <sys/utime.h>
configure:8865: result: no
configure:8878: checking if struct utimbuf needs  -posix
configure:8896: gcc -c -g -O2  conftest.c >&5
configure:8896: $? = 0
configure:8931: result: no
configure:8942: checking for dirent.h that defines DIR
configure:8962: gcc -c -g -O2  conftest.c >&5
configure:8962: $? = 0
configure:8973: result: yes
configure:8987: checking for library containing opendir
configure:9023: gcc -o conftest -g -O2   conftest.c  >&5
configure:9023: $? = 0
configure:9045: result: none required
configure:9236: checking that generated files are newer than configure
configure:9242: result: done
configure:9281: creating ./config.status

## ---------------------- ##
## Running config.status. ##
## ---------------------- ##

This file was extended by GNU Indent config.status 2.2.13, which was
generated by GNU Autoconf 2.72.  Invocation command line was

  CONFIG_FILES    = 
  CONFIG_HEADERS  = 
  CONFIG_LINKS    = 
  CONFIG_COMMANDS = 
  $ ./config.status 

on archPC

config.status:932: creating po/Makefile.in
config.status:932: creating Makefile
config.status:932: creating src/Makefile
config.status:932: creating doc/Makefile
config.status:932: creating man/Makefile
config.status:932: creating config.h
config.status:1113: config.h is unchanged
config.status:1161: executing depfiles commands
config.status:1238: cd src       && sed -e '/# am--include-marker/d' Makefile         | make -f - am--depfiles
make: Nothing to be done for 'am--depfiles'.
config.status:1243: $? = 0
config.status:1161: executing po-directories commands
config.status:1161: executing default commands

## ---------------- ##
## Cache variables. ##
## ---------------- ##

ac_cv_build=x86_64-pc-linux-gnu
ac_cv_c_compiler_gnu=yes
ac_cv_c_const=yes
ac_cv_env_CC_set=
ac_cv_env_CC_value=
ac_cv_env_CFLAGS_set=
ac_cv_env_CFLAGS_value=
ac_cv_env_CPPFLAGS_set=
ac_cv_env_CPPFLAGS_value=
ac_cv_env_CPP_set=
ac_cv_env_CPP_value=
ac_cv_env_LDFLAGS_set=
ac_cv_env_LDFLAGS_value=
ac_cv_env_LIBS_set=
ac_cv_env_LIBS_value=
ac_cv_env_build_alias_set=
ac_cv_env_build_alias_value=
ac_cv_env_host_alias_set=
ac_cv_env_host_alias_value=
ac_cv_env_target_alias_set=
ac_cv_env_target_alias_value=
ac_cv_func_memcpy=yes
ac_cv_func_memmove=yes
ac_cv_func_setlocale=yes
ac_cv_func_strchr=yes
ac_cv_func_utime=yes
ac_cv_header_dirent_dirent_h=yes
ac_cv_header_inttypes_h=yes
ac_cv_header_malloc_h=yes
ac_cv_header_minix_config_h=no
ac_cv_header_stdint_h=yes
ac_cv_header_stdio_h=yes
ac_cv_header_stdlib_h=yes
ac_cv_header_string_h=yes
ac_cv_header_strings_h=yes
ac_cv_header_sys_stat_h=yes
ac_cv_header_sys_types_h=yes
ac_cv_header_sys_utime_h=no
ac_cv_header_unistd_h=yes
ac_cv_header_utime_h=yes
ac_cv_header_wchar_h=yes
ac_cv_host=x86_64-pc-linux-gnu
ac_cv_objext=o
ac_cv_path_DVIPS='/home/mellw/source/indent/config/missing dvips'
ac_cv_path_EGREP='/usr/bin/grep -E'
ac_cv_path_EGREP_TRADITIONAL='/usr/bin/grep -E'
ac_cv_path_GMSGFMT=/usr/bin/msgfmt
ac_cv_path_GREP=/usr/bin/grep
ac_cv_path_MSGFMT=/usr/bin/msgfmt
ac_cv_path_MSGMERGE=/usr/bin/msgmerge
ac_cv_path_SED=/usr/bin/sed
ac_cv_path_XGETTEXT=/usr/bin/xgettext
ac_cv_path_install='/usr/bin/install -c'
ac_cv_path_mkdir=/usr/bin/mkdir
ac_cv_prog_AWK=gawk
ac_cv_prog_CPP='gcc -E'
ac_cv_prog_ac_ct_CC=gcc
ac_cv_prog_cc_c11=
ac_cv_prog_cc_g=yes
ac_cv_prog_cc_stdc=
ac_cv_prog_make_make_set=yes
ac_cv_safe_to_define___extensions__=yes
ac_cv_search_opendir='none required'
ac_cv_search_strerror='none required'
ac_cv_should_define__xopen_source=no
ac_cv_sys_largefile_opts='none needed'
acl_cv_hardcode_direct=no
acl_cv_hardcode_libdir_flag_spec='${wl}-rpath ${wl}$libdir'
acl_cv_hardcode_libdir_separator=
acl_cv_hardcode_minus_L=no
acl_cv_libext=a
acl_cv_libname_spec='lib$name'
acl_cv_library_names_spec='$libname$shrext'
acl_cv_path_LD=/usr/bin/ld
acl_cv_prog_gnu_ld=yes
acl_cv_rpath=done
acl_cv_shlibext=so
acl_cv_wl=-Wl,
am_cv_CC_dependencies_compiler_type=gcc3
am_cv_filesystem_timestamp_resolution=0.01
am_cv_make_support_nested_variables=yes
am_cv_prog_cc_c_o=yes
am_cv_sleep_fractional_seconds=yes
am_cv_xargs_n_works=yes
gt_cv_func_CFLocaleCopyCurrent=no
gt_cv_func_CFPreferencesCopyAppValue=no
gt_cv_func_gnugettext1_libc=yes
unet_cv_sys_utimbuf_needs_posix=no

## ----------------- ##
## Output variables. ##
## ----------------- ##

ACLOCAL='${SHELL} '\''/home/mellw/source/indent/config/missing'\'' aclocal-1.17'
AMDEPBACKSLASH='\'
AMDEP_FALSE='#'
AMDEP_TRUE=''
AMTAR='$${TAR-tar}'
AM_BACKSLASH='\'
AM_DEFAULT_V='$(AM_DEFAULT_VERBOSITY)'
AM_DEFAULT_VERBOSITY='1'
AM_V='$(V)'
AUTOCONF='${SHELL} '\''/home/mellw/source/indent/config/missing'\'' autoconf'
AUTOHEADER='${SHELL} '\''/home/mellw/source/indent/config/missing'\'' autoheader'
AUTOMAKE='${SHELL} '\''/home/mellw/source/indent/config/missing'\'' automake-1.17'
AWK='gawk'
CC='gcc'
CCDEPMODE='depmode=gcc3'
CC_FOR_BUILD='$(CC)'
CFLAGS='-g -O2'
CPP='gcc -E'
CPPFLAGS=''
CSCOPE='cscope'
CTAGS='ctags'
CYGPATH_W='echo'
DEFS='-DHAVE_CONFIG_H'
DEPDIR='.deps'
DVIPS='/home/mellw/source/indent/config/missing dvips'
ECHO_C=''
ECHO_N='-n'
ECHO_T=''
EGREP='/usr/bin/grep -E'
ETAGS='etags'
EXEEXT=''
EXEEXT_FOR_BUILD='$(EXEEXT)'
GETTEXT_MACRO_VERSION='0.18'
GMSGFMT='/usr/bin/msgfmt'
GMSGFMT_015='/usr/bin/msgfmt'
GREP='/usr/bin/grep'
INSTALL_DATA='${INSTALL} -m 644'
INSTALL_PROGRAM='${INSTALL}'
INSTALL_SCRIPT='${INSTALL}'
INSTALL_STRIP_PROGRAM='$(install_sh) -c -s'
INTLLIBS=''
INTL_MACOSX_LIBS=''
LDFLAGS=''
LIBICONV='-liconv'
LIBINTL=''
LIBOBJS=''
LIBS=''
LTLIBICONV='-liconv'
LTLIBINTL=''
LTLIBOBJS=''
MAINT='#'
MAINTAINER_MODE_FALSE=''
MAINTAINER_MODE_TRUE='#'
MAKEINFO='${SHELL} '\''/home/mellw/source/indent/config/missing'\'' makeinfo'
MKDIR_P='/usr/bin/mkdir -p'
MSGFMT='/usr/bin/msgfmt'
MSGFMT_015='/usr/bin/msgfmt'
MSGMERGE='/usr/bin/msgmerge'
OBJEXT='o'
PACKAGE='indent'
PACKAGE_BUGREPORT='bug-indent@gnu.org'
PACKAGE_NAME='GNU Indent'
PACKAGE_STRING='GNU Indent 2.2.13'
PACKAGE_TARNAME='indent'
PACKAGE_URL='https://www.gnu.org/software/indent/'
PACKAGE_VERSION='2.2.13'
PATH_SEPARATOR=':'
POSUB='po'
SED='/usr/bin/sed'
SET_MAKE=''
SHELL='/bin/sh'
STRIP=''
USE_NLS='yes'
VERSION='2.2.13'
XGETTEXT='/usr/bin/xgettext'
XGETTEXT_015='/usr/bin/xgettext'
XGETTEXT_EXTRA_OPTIONS=''
ac_ct_CC='gcc'
am__EXEEXT_FALSE=''
am__EXEEXT_TRUE='#'
am__fastdepCC_FALSE='#'
am__fastdepCC_TRUE=''
am__include='include'
am__isrc=''
am__leading_dot='.'
am__nodep='_no'
am__quote=''
am__rm_f_notfound=''
am__tar='$${TAR-tar} chof - "$$tardir"'
am__untar='$${TAR-tar} xf -'
am__xargs_n='xargs -n'
bindir='${exec_prefix}/bin'
build='x86_64-pc-linux-gnu'
build_alias=''
build_cpu='x86_64'
build_os='linux-gnu'
build_vendor='pc'
datadir='${datarootdir}'
datarootdir='${prefix}/share'
docdir='${datarootdir}/doc/${PACKAGE_TARNAME}'
dvidir='${docdir}'
exec_prefix='${prefix}'
host='x86_64-pc-linux-gnu'
host_alias=''
host_cpu='x86_64'
host_os='linux-gnu'
host_vendor='pc'
htmldir='${docdir}'
includedir='${prefix}/include'
infodir='${datarootdir}/info'
install_sh='${SHELL} /home/mellw/source/indent/config/install-sh'
libdir='${exec_prefix}/lib'
libexecdir='${exec_prefix}/libexec'
localedir='${datarootdir}/locale'
localstatedir='${prefix}/var'
mandir='${datarootdir}/man'
mkdir_p='$(MKDIR_P)'
oldincludedir='/usr/include'
pdfdir='${docdir}'
prefix='/usr/local'
program_transform_name='s,x,x,'
psdir='${docdir}'
runstatedir='${localstatedir}/run'
sbindir='${exec_prefix}/sbin'
sharedstatedir='${prefix}/com'
sysconfdir='${prefix}/etc'
target_alias=''

## ----------- ##
## confdefs.h. ##
## ----------- ##

/* confdefs.h */
#define PACKAGE_NAME "GNU Indent"
#define PACKAGE_TARNAME "indent"
#define PACKAGE_VERSION "2.2.13"
#define PACKAGE_STRING "GNU Indent 2.2.13"
#define PACKAGE_BUGREPORT "bug-indent@gnu.org"
#define PACKAGE_URL "https://www.gnu.org/software/indent/"
#define HAVE_STDIO_H 1
#define HAVE_STDLIB_H 1
#define HAVE_STRING_H 1
#define HAVE_INTTYPES_H 1
#define HAVE_STDINT_H 1
#define HAVE_STRINGS_H 1
#define HAVE_SYS_STAT_H 1
#define HAVE_SYS_TYPES_H 1
#define HAVE_UNISTD_H 1
#define HAVE_WCHAR_H 1
#define STDC_HEADERS 1
#define _ALL_SOURCE 1
#define _DARWIN_C_SOURCE 1
#define _GNU_SOURCE 1
#define _HPUX_ALT_XOPEN_SOCKET_API 1
#define _NETBSD_SOURCE 1
#define _OPENBSD_SOURCE 1
#define _POSIX_PTHREAD_SEMANTICS 1
#define __STDC_WANT_IEC_60559_ATTRIBS_EXT__ 1
#define __STDC_WANT_IEC_60559_BFP_EXT__ 1
#define __STDC_WANT_IEC_60559_DFP_EXT__ 1
#define __STDC_WANT_IEC_60559_EXT__ 1
#define __STDC_WANT_IEC_60559_FUNCS_EXT__ 1
#define __STDC_WANT_IEC_60559_TYPES_EXT__ 1
#define __STDC_WANT_LIB_EXT2__ 1
#define __STDC_WANT_MATH_SPEC_FUNCS__ 1
#define _TANDEM_SOURCE 1
#define __EXTENSIONS__ 1
#define PACKAGE "indent"
#define VERSION "2.2.13"
#define ENABLE_NLS 1
#define HAVE_GETTEXT 1
#define HAVE_DCGETTEXT 1
#define HAVE_SETLOCALE 1
#define HAVE_STRCHR 1
#define HAVE_MEMCPY 1
#define HAVE_MEMMOVE 1
#define HAVE_UTIME 1
#define HAVE_UNISTD_H 1
#define HAVE_STRING_H 1
#define HAVE_MALLOC_H 1
#define HAVE_UTIME_H 1
#define HAVE_DIRENT_H 1

configure: exit 0

## ---------------------- ##
## Running config.status. ##
## ---------------------- ##

This file was extended by GNU Indent config.status 2.2.13, which was
generated by GNU Autoconf 2.72.  Invocation command line was

  CONFIG_FILES    = 
  CONFIG_HEADERS  = 
  CONFIG_LINKS    = 
  CONFIG_COMMANDS = 
  $ ./config.status Makefile

on archPC

config.status:932: creating Makefile
